mode: set
github.com/vivasoft-ltd/go-ems/services/asynq.go:30.17,37.2 1 0
github.com/vivasoft-ltd/go-ems/services/asynq.go:39.95,41.45 2 0
github.com/vivasoft-ltd/go-ems/services/asynq.go:41.45,44.3 2 0
github.com/vivasoft-ltd/go-ems/services/asynq.go:46.2,46.16 1 0
github.com/vivasoft-ltd/go-ems/services/asynq.go:46.16,49.3 2 0
github.com/vivasoft-ltd/go-ems/services/asynq.go:51.2,51.29 1 0
github.com/vivasoft-ltd/go-ems/services/asynq.go:51.29,53.17 2 0
github.com/vivasoft-ltd/go-ems/services/asynq.go:53.17,56.4 2 0
github.com/vivasoft-ltd/go-ems/services/asynq.go:58.3,66.17 4 0
github.com/vivasoft-ltd/go-ems/services/asynq.go:66.17,68.4 1 0
github.com/vivasoft-ltd/go-ems/services/asynq.go:69.3,69.100 1 0
github.com/vivasoft-ltd/go-ems/services/asynq.go:72.2,72.12 1 0
github.com/vivasoft-ltd/go-ems/services/asynq.go:75.77,80.30 4 0
github.com/vivasoft-ltd/go-ems/services/asynq.go:80.30,83.3 2 0
github.com/vivasoft-ltd/go-ems/services/asynq.go:85.2,99.16 7 0
github.com/vivasoft-ltd/go-ems/services/asynq.go:99.16,102.3 2 0
github.com/vivasoft-ltd/go-ems/services/asynq.go:104.2,105.16 2 0
github.com/vivasoft-ltd/go-ems/services/asynq.go:105.16,108.3 2 0
github.com/vivasoft-ltd/go-ems/services/asynq.go:109.2,109.12 1 0
github.com/vivasoft-ltd/go-ems/services/asynq.go:112.83,114.45 2 0
github.com/vivasoft-ltd/go-ems/services/asynq.go:114.45,117.3 2 0
github.com/vivasoft-ltd/go-ems/services/asynq.go:118.2,118.16 1 0
github.com/vivasoft-ltd/go-ems/services/asynq.go:118.16,121.3 2 0
github.com/vivasoft-ltd/go-ems/services/asynq.go:123.2,123.42 1 0
github.com/vivasoft-ltd/go-ems/services/asynq.go:123.42,125.17 2 0
github.com/vivasoft-ltd/go-ems/services/asynq.go:125.17,128.4 2 0
github.com/vivasoft-ltd/go-ems/services/asynq.go:129.3,137.17 4 0
github.com/vivasoft-ltd/go-ems/services/asynq.go:137.17,139.4 1 0
github.com/vivasoft-ltd/go-ems/services/asynq.go:140.3,140.113 1 0
github.com/vivasoft-ltd/go-ems/services/asynq.go:142.2,142.12 1 0
github.com/vivasoft-ltd/go-ems/services/asynq.go:145.112,156.2 2 0
github.com/vivasoft-ltd/go-ems/services/asynq.go:158.115,169.2 2 0
github.com/vivasoft-ltd/go-ems/services/asynq.go:171.114,173.58 2 0
github.com/vivasoft-ltd/go-ems/services/asynq.go:173.58,175.3 1 0
github.com/vivasoft-ltd/go-ems/services/asynq.go:177.2,178.44 2 0
github.com/vivasoft-ltd/go-ems/services/asynq.go:178.44,182.3 3 0
github.com/vivasoft-ltd/go-ems/services/asynq.go:183.2,183.16 1 0
github.com/vivasoft-ltd/go-ems/services/asynq.go:183.16,186.3 2 0
github.com/vivasoft-ltd/go-ems/services/asynq.go:188.2,189.20 2 0
github.com/vivasoft-ltd/go-ems/services/auth.go:17.100,19.2 1 0
github.com/vivasoft-ltd/go-ems/services/auth.go:21.82,23.16 2 0
github.com/vivasoft-ltd/go-ems/services/auth.go:23.16,25.3 1 0
github.com/vivasoft-ltd/go-ems/services/auth.go:27.2,27.99 1 0
github.com/vivasoft-ltd/go-ems/services/auth.go:27.99,29.3 1 0
github.com/vivasoft-ltd/go-ems/services/auth.go:31.2,32.16 2 0
github.com/vivasoft-ltd/go-ems/services/auth.go:32.16,34.3 1 0
github.com/vivasoft-ltd/go-ems/services/auth.go:36.2,36.59 1 0
github.com/vivasoft-ltd/go-ems/services/auth.go:36.59,38.3 1 0
github.com/vivasoft-ltd/go-ems/services/auth.go:40.2,49.12 2 0
github.com/vivasoft-ltd/go-ems/services/auth.go:49.12,50.60 1 0
github.com/vivasoft-ltd/go-ems/services/auth.go:50.60,52.4 1 0
github.com/vivasoft-ltd/go-ems/services/auth.go:55.2,61.18 2 0
github.com/vivasoft-ltd/go-ems/services/auth.go:64.106,66.16 2 0
github.com/vivasoft-ltd/go-ems/services/auth.go:66.16,68.3 1 0
github.com/vivasoft-ltd/go-ems/services/auth.go:70.2,71.16 2 0
github.com/vivasoft-ltd/go-ems/services/auth.go:71.16,73.3 1 0
github.com/vivasoft-ltd/go-ems/services/auth.go:75.2,75.28 1 0
github.com/vivasoft-ltd/go-ems/services/auth.go:75.28,77.3 1 0
github.com/vivasoft-ltd/go-ems/services/auth.go:79.2,80.16 2 0
github.com/vivasoft-ltd/go-ems/services/auth.go:80.16,82.3 1 0
github.com/vivasoft-ltd/go-ems/services/auth.go:84.2,84.25 1 0
github.com/vivasoft-ltd/go-ems/services/auth.go:87.84,89.2 1 0
github.com/vivasoft-ltd/go-ems/services/event.go:17.110,22.2 1 1
github.com/vivasoft-ltd/go-ems/services/event.go:24.114,26.55 2 1
github.com/vivasoft-ltd/go-ems/services/event.go:26.55,28.17 2 1
github.com/vivasoft-ltd/go-ems/services/event.go:28.17,30.4 1 1
github.com/vivasoft-ltd/go-ems/services/event.go:31.3,31.26 1 1
github.com/vivasoft-ltd/go-ems/services/event.go:34.2,35.16 2 1
github.com/vivasoft-ltd/go-ems/services/event.go:35.16,37.3 1 1
github.com/vivasoft-ltd/go-ems/services/event.go:39.2,42.8 1 1
github.com/vivasoft-ltd/go-ems/services/event.go:45.133,49.47 4 1
github.com/vivasoft-ltd/go-ems/services/event.go:49.47,51.3 1 1
github.com/vivasoft-ltd/go-ems/services/event.go:52.2,52.16 1 1
github.com/vivasoft-ltd/go-ems/services/event.go:52.16,54.3 1 1
github.com/vivasoft-ltd/go-ems/services/event.go:55.2,61.22 2 1
github.com/vivasoft-ltd/go-ems/services/event.go:63.93,65.17 2 1
github.com/vivasoft-ltd/go-ems/services/event.go:65.17,69.3 3 1
github.com/vivasoft-ltd/go-ems/services/event.go:71.2,71.56 1 1
github.com/vivasoft-ltd/go-ems/services/event.go:71.56,73.3 1 1
github.com/vivasoft-ltd/go-ems/services/event.go:74.2,74.56 1 0
github.com/vivasoft-ltd/go-ems/services/event.go:74.56,76.3 1 0
github.com/vivasoft-ltd/go-ems/services/event.go:77.2,77.60 1 0
github.com/vivasoft-ltd/go-ems/services/event.go:77.60,79.3 1 0
github.com/vivasoft-ltd/go-ems/services/event.go:81.2,81.15 1 0
github.com/vivasoft-ltd/go-ems/services/event.go:84.75,86.16 2 1
github.com/vivasoft-ltd/go-ems/services/event.go:86.16,88.3 1 1
github.com/vivasoft-ltd/go-ems/services/event.go:89.2,89.19 1 1
github.com/vivasoft-ltd/go-ems/services/event.go:92.114,94.16 2 1
github.com/vivasoft-ltd/go-ems/services/event.go:94.16,96.3 1 1
github.com/vivasoft-ltd/go-ems/services/event.go:97.2,97.26 1 1
github.com/vivasoft-ltd/go-ems/services/event.go:97.26,99.3 1 1
github.com/vivasoft-ltd/go-ems/services/event.go:101.2,103.16 3 1
github.com/vivasoft-ltd/go-ems/services/event.go:103.16,105.3 1 1
github.com/vivasoft-ltd/go-ems/services/event.go:106.2,109.8 1 1
github.com/vivasoft-ltd/go-ems/services/event.go:112.86,114.16 2 1
github.com/vivasoft-ltd/go-ems/services/event.go:114.16,116.3 1 1
github.com/vivasoft-ltd/go-ems/services/event.go:117.2,119.8 1 1
github.com/vivasoft-ltd/go-ems/services/event.go:121.78,123.16 2 1
github.com/vivasoft-ltd/go-ems/services/event.go:123.16,125.3 1 1
github.com/vivasoft-ltd/go-ems/services/event.go:126.2,126.21 1 1
github.com/vivasoft-ltd/go-ems/services/event.go:126.21,128.38 2 1
github.com/vivasoft-ltd/go-ems/services/event.go:128.38,130.4 1 1
github.com/vivasoft-ltd/go-ems/services/event.go:131.3,133.17 3 1
github.com/vivasoft-ltd/go-ems/services/event.go:133.17,135.4 1 0
github.com/vivasoft-ltd/go-ems/services/event.go:136.3,136.13 1 1
github.com/vivasoft-ltd/go-ems/services/event.go:138.2,139.16 2 1
github.com/vivasoft-ltd/go-ems/services/event.go:139.16,141.3 1 0
github.com/vivasoft-ltd/go-ems/services/event.go:142.2,142.47 1 1
github.com/vivasoft-ltd/go-ems/services/event.go:142.47,144.3 1 1
github.com/vivasoft-ltd/go-ems/services/event.go:146.2,152.16 3 1
github.com/vivasoft-ltd/go-ems/services/event.go:152.16,154.3 1 1
github.com/vivasoft-ltd/go-ems/services/event.go:156.2,156.12 1 1
github.com/vivasoft-ltd/go-ems/services/mail.go:23.125,29.2 1 0
github.com/vivasoft-ltd/go-ems/services/mail.go:31.60,33.16 2 0
github.com/vivasoft-ltd/go-ems/services/mail.go:33.16,36.3 2 0
github.com/vivasoft-ltd/go-ems/services/mail.go:37.2,37.12 1 0
github.com/vivasoft-ltd/go-ems/services/mail.go:62.78,64.16 2 0
github.com/vivasoft-ltd/go-ems/services/mail.go:64.16,66.3 1 0
github.com/vivasoft-ltd/go-ems/services/mail.go:68.2,68.29 1 0
github.com/vivasoft-ltd/go-ems/services/mail.go:68.29,79.39 2 0
github.com/vivasoft-ltd/go-ems/services/mail.go:79.39,81.4 1 0
github.com/vivasoft-ltd/go-ems/services/mail.go:81.22,83.4 1 0
github.com/vivasoft-ltd/go-ems/services/mail.go:85.3,85.29 1 0
github.com/vivasoft-ltd/go-ems/services/mail.go:90.2,90.12 1 0
github.com/vivasoft-ltd/go-ems/services/mail.go:93.81,98.30 4 0
github.com/vivasoft-ltd/go-ems/services/mail.go:98.30,101.3 2 0
github.com/vivasoft-ltd/go-ems/services/mail.go:103.2,111.25 5 0
github.com/vivasoft-ltd/go-ems/services/mail.go:111.25,111.60 1 0
github.com/vivasoft-ltd/go-ems/services/mail.go:114.2,117.12 3 0
github.com/vivasoft-ltd/go-ems/services/mail.go:120.60,122.16 2 0
github.com/vivasoft-ltd/go-ems/services/mail.go:122.16,123.37 1 0
github.com/vivasoft-ltd/go-ems/services/mail.go:123.37,126.4 2 0
github.com/vivasoft-ltd/go-ems/services/mail.go:128.3,129.9 2 0
github.com/vivasoft-ltd/go-ems/services/mail.go:132.2,134.47 2 0
github.com/vivasoft-ltd/go-ems/services/mail.go:134.47,146.39 3 0
github.com/vivasoft-ltd/go-ems/services/mail.go:146.39,148.4 1 0
github.com/vivasoft-ltd/go-ems/services/mail.go:148.22,150.4 1 0
github.com/vivasoft-ltd/go-ems/services/mail.go:152.3,152.29 1 0
github.com/vivasoft-ltd/go-ems/services/redis.go:14.58,18.2 1 0
github.com/vivasoft-ltd/go-ems/services/redis.go:20.86,22.2 1 0
github.com/vivasoft-ltd/go-ems/services/redis.go:23.92,25.16 2 0
github.com/vivasoft-ltd/go-ems/services/redis.go:25.16,27.3 1 0
github.com/vivasoft-ltd/go-ems/services/redis.go:29.2,29.76 1 0
github.com/vivasoft-ltd/go-ems/services/redis.go:32.58,34.2 1 0
github.com/vivasoft-ltd/go-ems/services/redis.go:36.58,38.16 2 0
github.com/vivasoft-ltd/go-ems/services/redis.go:38.16,40.3 1 0
github.com/vivasoft-ltd/go-ems/services/redis.go:42.2,42.26 1 0
github.com/vivasoft-ltd/go-ems/services/redis.go:45.80,47.16 2 0
github.com/vivasoft-ltd/go-ems/services/redis.go:47.16,49.3 1 0
github.com/vivasoft-ltd/go-ems/services/redis.go:51.2,51.79 1 0
github.com/vivasoft-ltd/go-ems/services/redis.go:51.79,53.3 1 0
github.com/vivasoft-ltd/go-ems/services/redis.go:55.2,55.12 1 0
github.com/vivasoft-ltd/go-ems/services/redis.go:58.52,60.2 1 0
github.com/vivasoft-ltd/go-ems/services/token.go:20.68,22.2 1 0
github.com/vivasoft-ltd/go-ems/services/token.go:24.72,45.16 16 0
github.com/vivasoft-ltd/go-ems/services/token.go:45.16,48.3 2 0
github.com/vivasoft-ltd/go-ems/services/token.go:50.2,58.16 8 0
github.com/vivasoft-ltd/go-ems/services/token.go:58.16,61.3 2 0
github.com/vivasoft-ltd/go-ems/services/token.go:63.2,63.19 1 0
github.com/vivasoft-ltd/go-ems/services/token.go:66.89,68.16 2 0
github.com/vivasoft-ltd/go-ems/services/token.go:68.16,71.3 2 0
github.com/vivasoft-ltd/go-ems/services/token.go:73.2,73.73 1 0
github.com/vivasoft-ltd/go-ems/services/token.go:73.73,75.3 1 0
github.com/vivasoft-ltd/go-ems/services/token.go:77.2,78.9 2 0
github.com/vivasoft-ltd/go-ems/services/token.go:78.9,80.3 1 0
github.com/vivasoft-ltd/go-ems/services/token.go:82.2,82.33 1 0
github.com/vivasoft-ltd/go-ems/services/token.go:85.71,87.16 2 0
github.com/vivasoft-ltd/go-ems/services/token.go:87.16,89.3 1 0
github.com/vivasoft-ltd/go-ems/services/token.go:91.2,92.16 2 0
github.com/vivasoft-ltd/go-ems/services/token.go:92.16,94.3 1 0
github.com/vivasoft-ltd/go-ems/services/token.go:96.2,96.12 1 0
github.com/vivasoft-ltd/go-ems/services/token.go:99.72,102.16 2 0
github.com/vivasoft-ltd/go-ems/services/token.go:102.16,104.3 1 0
github.com/vivasoft-ltd/go-ems/services/token.go:106.2,106.12 1 0
github.com/vivasoft-ltd/go-ems/services/token.go:109.97,111.16 2 0
github.com/vivasoft-ltd/go-ems/services/token.go:111.16,113.3 1 0
github.com/vivasoft-ltd/go-ems/services/token.go:114.2,114.20 1 0
github.com/vivasoft-ltd/go-ems/services/token.go:117.67,119.16 2 0
github.com/vivasoft-ltd/go-ems/services/token.go:119.16,121.3 1 0
github.com/vivasoft-ltd/go-ems/services/token.go:123.2,125.16 3 0
github.com/vivasoft-ltd/go-ems/services/token.go:125.16,127.3 1 0
github.com/vivasoft-ltd/go-ems/services/token.go:129.2,129.20 1 0
github.com/vivasoft-ltd/go-ems/services/user.go:25.98,30.2 1 0
github.com/vivasoft-ltd/go-ems/services/user.go:32.72,34.16 2 0
github.com/vivasoft-ltd/go-ems/services/user.go:34.16,36.3 1 0
github.com/vivasoft-ltd/go-ems/services/user.go:38.2,38.13 1 0
github.com/vivasoft-ltd/go-ems/services/user.go:38.13,40.3 1 0
github.com/vivasoft-ltd/go-ems/services/user.go:42.2,43.16 2 0
github.com/vivasoft-ltd/go-ems/services/user.go:43.16,46.3 2 0
github.com/vivasoft-ltd/go-ems/services/user.go:48.2,56.53 2 0
github.com/vivasoft-ltd/go-ems/services/user.go:56.53,59.3 2 0
github.com/vivasoft-ltd/go-ems/services/user.go:61.2,61.12 1 0
github.com/vivasoft-ltd/go-ems/services/user.go:64.72,66.16 2 0
github.com/vivasoft-ltd/go-ems/services/user.go:66.16,68.3 1 0
github.com/vivasoft-ltd/go-ems/services/user.go:69.2,75.50 2 0
github.com/vivasoft-ltd/go-ems/services/user.go:75.50,78.3 2 0
github.com/vivasoft-ltd/go-ems/services/user.go:80.2,80.12 1 0
github.com/vivasoft-ltd/go-ems/services/user.go:80.12,81.84 1 0
github.com/vivasoft-ltd/go-ems/services/user.go:81.84,83.4 1 0
github.com/vivasoft-ltd/go-ems/services/user.go:86.2,86.12 1 0
github.com/vivasoft-ltd/go-ems/services/user.go:89.54,91.16 2 0
github.com/vivasoft-ltd/go-ems/services/user.go:91.16,93.3 1 0
github.com/vivasoft-ltd/go-ems/services/user.go:95.2,95.61 1 0
github.com/vivasoft-ltd/go-ems/services/user.go:95.61,97.3 1 0
github.com/vivasoft-ltd/go-ems/services/user.go:99.2,99.12 1 0
github.com/vivasoft-ltd/go-ems/services/user.go:99.12,100.84 1 0
github.com/vivasoft-ltd/go-ems/services/user.go:100.84,102.4 1 0
github.com/vivasoft-ltd/go-ems/services/user.go:105.2,105.12 1 0
github.com/vivasoft-ltd/go-ems/services/user.go:108.70,110.16 2 0
github.com/vivasoft-ltd/go-ems/services/user.go:110.16,113.3 2 0
github.com/vivasoft-ltd/go-ems/services/user.go:115.2,115.24 1 0
github.com/vivasoft-ltd/go-ems/services/user.go:119.81,121.59 2 0
github.com/vivasoft-ltd/go-ems/services/user.go:121.59,124.3 2 0
github.com/vivasoft-ltd/go-ems/services/user.go:126.2,126.44 1 0
github.com/vivasoft-ltd/go-ems/services/user.go:126.44,128.3 1 0
github.com/vivasoft-ltd/go-ems/services/user.go:130.2,130.18 1 0
github.com/vivasoft-ltd/go-ems/services/user.go:133.87,134.15 1 0
github.com/vivasoft-ltd/go-ems/services/user.go:134.15,136.3 1 0
github.com/vivasoft-ltd/go-ems/services/user.go:138.2,138.31 1 0
github.com/vivasoft-ltd/go-ems/services/user.go:141.80,144.46 3 0
github.com/vivasoft-ltd/go-ems/services/user.go:144.46,147.3 2 0
github.com/vivasoft-ltd/go-ems/services/user.go:149.2,149.31 1 0
github.com/vivasoft-ltd/go-ems/services/user.go:149.31,151.3 1 0
github.com/vivasoft-ltd/go-ems/services/user.go:153.2,153.18 1 0
github.com/vivasoft-ltd/go-ems/services/user.go:156.77,158.59 2 0
github.com/vivasoft-ltd/go-ems/services/user.go:158.59,161.3 2 0
github.com/vivasoft-ltd/go-ems/services/user.go:163.2,163.44 1 0
github.com/vivasoft-ltd/go-ems/services/user.go:163.44,165.3 1 0
github.com/vivasoft-ltd/go-ems/services/user.go:167.2,175.8 1 0
github.com/vivasoft-ltd/go-ems/services/user.go:178.70,179.116 1 0
github.com/vivasoft-ltd/go-ems/services/user.go:179.116,181.3 1 0
github.com/vivasoft-ltd/go-ems/services/user.go:182.2,182.12 1 0
github.com/vivasoft-ltd/go-ems/services/user.go:185.93,187.16 2 0
github.com/vivasoft-ltd/go-ems/services/user.go:187.16,189.3 1 0
github.com/vivasoft-ltd/go-ems/services/user.go:191.2,191.24 1 0
github.com/vivasoft-ltd/go-ems/services/user.go:191.24,193.3 1 0
github.com/vivasoft-ltd/go-ems/services/user.go:195.2,196.16 2 0
github.com/vivasoft-ltd/go-ems/services/user.go:196.16,198.3 1 0
github.com/vivasoft-ltd/go-ems/services/user.go:200.2,200.72 1 0
github.com/vivasoft-ltd/go-ems/services/user.go:200.72,202.3 1 0
github.com/vivasoft-ltd/go-ems/services/user.go:204.2,204.25 1 0
github.com/vivasoft-ltd/go-ems/services/user.go:207.95,210.46 3 0
github.com/vivasoft-ltd/go-ems/services/user.go:210.46,213.3 2 0
github.com/vivasoft-ltd/go-ems/services/user.go:215.2,215.25 1 0
github.com/vivasoft-ltd/go-ems/services/user.go:218.104,219.134 1 0
github.com/vivasoft-ltd/go-ems/services/user.go:219.134,222.3 2 0
github.com/vivasoft-ltd/go-ems/services/user.go:223.2,223.12 1 0
github.com/vivasoft-ltd/go-ems/services/user.go:226.96,230.16 3 0
github.com/vivasoft-ltd/go-ems/services/user.go:230.16,233.3 2 0
github.com/vivasoft-ltd/go-ems/services/user.go:235.2,235.29 1 0
github.com/vivasoft-ltd/go-ems/services/user.go:235.29,237.3 1 0
github.com/vivasoft-ltd/go-ems/services/user.go:239.2,246.18 2 0
github.com/vivasoft-ltd/go-ems/services/user.go:249.97,251.66 2 0
github.com/vivasoft-ltd/go-ems/services/user.go:251.66,253.3 1 0
github.com/vivasoft-ltd/go-ems/services/user.go:254.2,256.16 2 0
github.com/vivasoft-ltd/go-ems/services/user.go:256.16,259.3 2 0
github.com/vivasoft-ltd/go-ems/services/user.go:260.2,260.19 1 0
